<?xml version="1.0" encoding="UTF-8"?>
<testng-results skipped="0" failed="0" ignored="0" total="4" passed="4">
  <reporter-output>
  </reporter-output>
  <suite name="Default suite" duration-ms="834358" started-at="2019-04-28T13:31:16Z" finished-at="2019-04-28T13:45:10Z">
    <groups>
    </groups>
    <test name="Default test" duration-ms="834358" started-at="2019-04-28T13:31:16Z" finished-at="2019-04-28T13:45:10Z">
      <class name="com.hs.gofmpro.testcase.TestCreateEquipmentCategory">
        <test-method status="PASS" signature="setUp()[pri:0, instance:com.hs.gofmpro.testcase.TestCreateEquipmentCategory@6f7fd0e6]" name="setUp" is-config="true" duration-ms="8825" started-at="2019-04-28T19:01:16Z" finished-at="2019-04-28T19:01:25Z">
          <reporter-output>
          </reporter-output>
        </test-method> <!-- setUp -->
        <test-method status="PASS" signature="loginTest(java.lang.String, java.lang.String)[pri:1, instance:com.hs.gofmpro.testcase.TestCreateEquipmentCategory@6f7fd0e6]" name="loginTest" duration-ms="202438" started-at="2019-04-28T19:01:25Z" data-provider="getGofmTestData" finished-at="2019-04-28T19:04:47Z">
          <params>
            <param index="0">
              <value>
                <![CDATA[Floor1]]>
              </value>
            </param>
            <param index="1">
              <value>
                <![CDATA[Pannel1]]>
              </value>
            </param>
          </params>
          <reporter-output>
          </reporter-output>
        </test-method> <!-- loginTest -->
        <test-method status="PASS" signature="tearDown(org.testng.ITestResult)[pri:0, instance:com.hs.gofmpro.testcase.TestCreateEquipmentCategory@6f7fd0e6]" name="tearDown" is-config="true" duration-ms="365" started-at="2019-04-28T19:04:47Z" finished-at="2019-04-28T19:04:48Z">
          <params>
            <param index="0">
              <value>
                <![CDATA[[TestResult name=loginTest status=SUCCESS method=TestCreateEquipmentCategory.loginTest(java.lang.String, java.lang.String)[pri:1, instance:com.hs.gofmpro.testcase.TestCreateEquipmentCategory@6f7fd0e6] output={null}]]]>
              </value>
            </param>
          </params>
          <reporter-output>
          </reporter-output>
        </test-method> <!-- tearDown -->
        <test-method status="PASS" signature="setUp()[pri:0, instance:com.hs.gofmpro.testcase.TestCreateEquipmentCategory@6f7fd0e6]" name="setUp" is-config="true" duration-ms="7329" started-at="2019-04-28T19:04:48Z" finished-at="2019-04-28T19:04:55Z">
          <reporter-output>
          </reporter-output>
        </test-method> <!-- setUp -->
        <test-method status="PASS" signature="loginTest(java.lang.String, java.lang.String)[pri:1, instance:com.hs.gofmpro.testcase.TestCreateEquipmentCategory@6f7fd0e6]" name="loginTest" duration-ms="201464" started-at="2019-04-28T19:04:55Z" data-provider="getGofmTestData" finished-at="2019-04-28T19:08:17Z">
          <params>
            <param index="0">
              <value>
                <![CDATA[Garden5]]>
              </value>
            </param>
            <param index="1">
              <value>
                <![CDATA[Cooling Tower5]]>
              </value>
            </param>
          </params>
          <reporter-output>
          </reporter-output>
        </test-method> <!-- loginTest -->
        <test-method status="PASS" signature="tearDown(org.testng.ITestResult)[pri:0, instance:com.hs.gofmpro.testcase.TestCreateEquipmentCategory@6f7fd0e6]" name="tearDown" is-config="true" duration-ms="176" started-at="2019-04-28T19:08:17Z" finished-at="2019-04-28T19:08:17Z">
          <params>
            <param index="0">
              <value>
                <![CDATA[[TestResult name=loginTest status=SUCCESS method=TestCreateEquipmentCategory.loginTest(java.lang.String, java.lang.String)[pri:1, instance:com.hs.gofmpro.testcase.TestCreateEquipmentCategory@6f7fd0e6] output={null}]]]>
              </value>
            </param>
          </params>
          <reporter-output>
          </reporter-output>
        </test-method> <!-- tearDown -->
        <test-method status="PASS" signature="setUp()[pri:0, instance:com.hs.gofmpro.testcase.TestCreateEquipmentCategory@6f7fd0e6]" name="setUp" is-config="true" duration-ms="6182" started-at="2019-04-28T19:08:17Z" finished-at="2019-04-28T19:08:23Z">
          <reporter-output>
          </reporter-output>
        </test-method> <!-- setUp -->
        <test-method status="PASS" signature="loginTest(java.lang.String, java.lang.String)[pri:1, instance:com.hs.gofmpro.testcase.TestCreateEquipmentCategory@6f7fd0e6]" name="loginTest" duration-ms="200711" started-at="2019-04-28T19:08:23Z" data-provider="getGofmTestData" finished-at="2019-04-28T19:11:44Z">
          <params>
            <param index="0">
              <value>
                <![CDATA[Room4]]>
              </value>
            </param>
            <param index="1">
              <value>
                <![CDATA[Energy Meter4]]>
              </value>
            </param>
          </params>
          <reporter-output>
          </reporter-output>
        </test-method> <!-- loginTest -->
        <test-method status="PASS" signature="tearDown(org.testng.ITestResult)[pri:0, instance:com.hs.gofmpro.testcase.TestCreateEquipmentCategory@6f7fd0e6]" name="tearDown" is-config="true" duration-ms="160" started-at="2019-04-28T19:11:44Z" finished-at="2019-04-28T19:11:44Z">
          <params>
            <param index="0">
              <value>
                <![CDATA[[TestResult name=loginTest status=SUCCESS method=TestCreateEquipmentCategory.loginTest(java.lang.String, java.lang.String)[pri:1, instance:com.hs.gofmpro.testcase.TestCreateEquipmentCategory@6f7fd0e6] output={null}]]]>
              </value>
            </param>
          </params>
          <reporter-output>
          </reporter-output>
        </test-method> <!-- tearDown -->
        <test-method status="PASS" signature="setUp()[pri:0, instance:com.hs.gofmpro.testcase.TestCreateEquipmentCategory@6f7fd0e6]" name="setUp" is-config="true" duration-ms="5307" started-at="2019-04-28T19:11:44Z" finished-at="2019-04-28T19:11:49Z">
          <reporter-output>
          </reporter-output>
        </test-method> <!-- setUp -->
        <test-method status="PASS" signature="loginTest(java.lang.String, java.lang.String)[pri:1, instance:com.hs.gofmpro.testcase.TestCreateEquipmentCategory@6f7fd0e6]" name="loginTest" duration-ms="200558" started-at="2019-04-28T19:11:49Z" data-provider="getGofmTestData" finished-at="2019-04-28T19:15:10Z">
          <params>
            <param index="0">
              <value>
                <![CDATA[Floor8]]>
              </value>
            </param>
            <param index="1">
              <value>
                <![CDATA[Motor5]]>
              </value>
            </param>
          </params>
          <reporter-output>
          </reporter-output>
        </test-method> <!-- loginTest -->
        <test-method status="PASS" signature="tearDown(org.testng.ITestResult)[pri:0, instance:com.hs.gofmpro.testcase.TestCreateEquipmentCategory@6f7fd0e6]" name="tearDown" is-config="true" duration-ms="131" started-at="2019-04-28T19:15:10Z" finished-at="2019-04-28T19:15:10Z">
          <params>
            <param index="0">
              <value>
                <![CDATA[[TestResult name=loginTest status=SUCCESS method=TestCreateEquipmentCategory.loginTest(java.lang.String, java.lang.String)[pri:1, instance:com.hs.gofmpro.testcase.TestCreateEquipmentCategory@6f7fd0e6] output={null}]]]>
              </value>
            </param>
          </params>
          <reporter-output>
          </reporter-output>
        </test-method> <!-- tearDown -->
      </class> <!-- com.hs.gofmpro.testcase.TestCreateEquipmentCategory -->
    </test> <!-- Default test -->
  </suite> <!-- Default suite -->
</testng-results>
