<?xml version="1.0" encoding="UTF-8"?>
<testng-results skipped="1" failed="0" ignored="0" total="2" passed="1">
  <reporter-output>
  </reporter-output>
  <suite name="Default suite" duration-ms="60952" started-at="2019-04-25T01:24:45Z" finished-at="2019-04-25T01:25:46Z">
    <groups>
    </groups>
    <test name="Default test" duration-ms="60952" started-at="2019-04-25T01:24:45Z" finished-at="2019-04-25T01:25:46Z">
      <class name="com.hs.gofmpro.testcase.TestCreateSpaceCategory">
        <test-method status="PASS" signature="setUp()[pri:0, instance:com.hs.gofmpro.testcase.TestCreateSpaceCategory@3c130745]" name="setUp" is-config="true" duration-ms="22745" started-at="2019-04-25T06:54:45Z" finished-at="2019-04-25T06:55:08Z">
          <reporter-output>
          </reporter-output>
        </test-method> <!-- setUp -->
        <test-method status="PASS" signature="loginTest()[pri:1, instance:com.hs.gofmpro.testcase.TestCreateSpaceCategory@3c130745]" name="loginTest" duration-ms="20166" started-at="2019-04-25T06:55:08Z" finished-at="2019-04-25T06:55:28Z">
          <reporter-output>
          </reporter-output>
        </test-method> <!-- loginTest -->
        <test-method status="PASS" signature="tearDown(org.testng.ITestResult)[pri:0, instance:com.hs.gofmpro.testcase.TestCreateSpaceCategory@3c130745]" name="tearDown" is-config="true" duration-ms="1355" started-at="2019-04-25T06:55:28Z" finished-at="2019-04-25T06:55:29Z">
          <params>
            <param index="0">
              <value>
                <![CDATA[[TestResult name=loginTest status=SUCCESS method=TestCreateSpaceCategory.loginTest()[pri:1, instance:com.hs.gofmpro.testcase.TestCreateSpaceCategory@3c130745] output={null}]]]>
              </value>
            </param>
          </params>
          <reporter-output>
          </reporter-output>
        </test-method> <!-- tearDown -->
        <test-method status="SKIP" signature="CreateSpace(java.lang.String)[pri:5, instance:com.hs.gofmpro.testcase.TestCreateSpaceCategory@3c130745]" name="CreateSpace" duration-ms="0" started-at="2019-04-25T06:55:46Z" data-provider="getData" finished-at="2019-04-25T06:55:46Z">
          <exception class="java.lang.RuntimeException">
            <message>
              <![CDATA[java.lang.NullPointerException]]>
            </message>
            <full-stacktrace>
              <![CDATA[java.lang.RuntimeException: java.lang.NullPointerException
	at org.testng.internal.MethodInvocationHelper.invokeMethodNoCheckedException(MethodInvocationHelper.java:49)
	at org.testng.internal.MethodInvocationHelper.invokeDataProvider(MethodInvocationHelper.java:115)
	at org.testng.internal.Parameters.handleParameters(Parameters.java:509)
	at org.testng.internal.Invoker.handleParameters(Invoker.java:1308)
	at org.testng.internal.Invoker.createParameters(Invoker.java:1036)
	at org.testng.internal.Invoker.invokeTestMethods(Invoker.java:1126)
	at org.testng.internal.TestMethodWorker.invokeTestMethods(TestMethodWorker.java:126)
	at org.testng.internal.TestMethodWorker.run(TestMethodWorker.java:109)
	at org.testng.TestRunner.privateRun(TestRunner.java:744)
	at org.testng.TestRunner.run(TestRunner.java:602)
	at org.testng.SuiteRunner.runTest(SuiteRunner.java:380)
	at org.testng.SuiteRunner.runSequentially(SuiteRunner.java:375)
	at org.testng.SuiteRunner.privateRun(SuiteRunner.java:340)
	at org.testng.SuiteRunner.run(SuiteRunner.java:289)
	at org.testng.SuiteRunnerWorker.runSuite(SuiteRunnerWorker.java:52)
	at org.testng.SuiteRunnerWorker.run(SuiteRunnerWorker.java:86)
	at org.testng.TestNG.runSuitesSequentially(TestNG.java:1301)
	at org.testng.TestNG.runSuitesLocally(TestNG.java:1226)
	at org.testng.TestNG.runSuites(TestNG.java:1144)
	at org.testng.TestNG.run(TestNG.java:1115)
	at org.testng.remote.AbstractRemoteTestNG.run(AbstractRemoteTestNG.java:114)
	at org.testng.remote.RemoteTestNG.initAndRun(RemoteTestNG.java:251)
	at org.testng.remote.RemoteTestNG.main(RemoteTestNG.java:77)
Caused by: java.lang.NullPointerException
	at com.hs.gofmpro.utils.TestUtil.getTestData(TestUtil.java:51)
	at com.hs.gofmpro.testcase.TestCreateSpaceCategory.getData(TestCreateSpaceCategory.java:127)
	at sun.reflect.NativeMethodAccessorImpl.invoke0(Native Method)
	at sun.reflect.NativeMethodAccessorImpl.invoke(NativeMethodAccessorImpl.java:62)
	at sun.reflect.DelegatingMethodAccessorImpl.invoke(DelegatingMethodAccessorImpl.java:43)
	at java.lang.reflect.Method.invoke(Method.java:498)
	at org.testng.internal.MethodInvocationHelper.invokeMethod(MethodInvocationHelper.java:108)
	at org.testng.internal.MethodInvocationHelper.invokeMethod(MethodInvocationHelper.java:55)
	at org.testng.internal.MethodInvocationHelper.invokeMethodNoCheckedException(MethodInvocationHelper.java:45)
	... 22 more
]]>
            </full-stacktrace>
          </exception> <!-- java.lang.RuntimeException -->
          <reporter-output>
          </reporter-output>
        </test-method> <!-- CreateSpace -->
      </class> <!-- com.hs.gofmpro.testcase.TestCreateSpaceCategory -->
    </test> <!-- Default test -->
  </suite> <!-- Default suite -->
</testng-results>
