<?xml version="1.0" encoding="UTF-8"?>
<!-- Generated by org.testng.reporters.JUnitXMLReporter -->
<testsuite hostname="zentere-Latitude-E6420" ignored="0" name="Default test" tests="2" failures="0" timestamp="25 Apr 2019 01:25:46 GMT" time="60.952" errors="0">
  <testcase name="loginTest" time="20.166" classname="com.hs.gofmpro.testcase.TestCreateSpaceCategory"/>
  <testcase name="CreateSpace" time="0.0" classname="com.hs.gofmpro.testcase.TestCreateSpaceCategory">
    <skipped/>
  </testcase> <!-- CreateSpace -->
</testsuite> <!-- Default test -->
