<?xml version="1.0" encoding="UTF-8"?>
<testng-results skipped="0" failed="0" total="1" passed="1">
  <reporter-output>
  </reporter-output>
  <suite name="Default suite" duration-ms="13719" started-at="2019-04-25T06:44:42Z" finished-at="2019-04-25T06:44:56Z">
    <groups>
    </groups>
    <test name="Default test" duration-ms="13719" started-at="2019-04-25T06:44:42Z" finished-at="2019-04-25T06:44:56Z">
      <class name="com.hs.gofmpro.testcase.TestLogin">
        <test-method status="PASS" signature="setUp()[pri:0, instance:com.hs.gofmpro.testcase.TestLogin@457e2f02]" name="setUp" is-config="true" duration-ms="5763" started-at="2019-04-25T12:14:42Z" finished-at="2019-04-25T12:14:48Z">
          <reporter-output>
          </reporter-output>
        </test-method> <!-- setUp -->
        <test-method status="PASS" signature="loginTest()[pri:0, instance:com.hs.gofmpro.testcase.TestLogin@457e2f02]" name="loginTest" duration-ms="7936" started-at="2019-04-25T12:14:48Z" finished-at="2019-04-25T12:14:56Z">
          <reporter-output>
          </reporter-output>
        </test-method> <!-- loginTest -->
      </class> <!-- com.hs.gofmpro.testcase.TestLogin -->
    </test> <!-- Default test -->
  </suite> <!-- Default suite -->
</testng-results>
